#
# There is insufficient memory for the Java Runtime Environment to continue.
# Native memory allocation (malloc) failed to allocate 1954496 bytes for Chunk::new
# Possible reasons:
#   The system is out of physical RAM or swap space
#   The process is running with CompressedOops enabled, and the Java Heap may be blocking the growth of the native heap
# Possible solutions:
#   Reduce memory load on the system
#   Increase physical memory or swap space
#   Check if swap backing store is full
#   Decrease Java heap size (-Xmx/-Xms)
#   Decrease number of Java threads
#   Decrease Java thread stack sizes (-Xss)
#   Set larger code cache with -XX:ReservedCodeCacheSize=
#   JVM is running with Unscaled Compressed Oops mode in which the Java heap is
#     placed in the first 4GB address space. The Java Heap base address is the
#     maximum limit for the native heap growth. Please use -XX:HeapBaseMinAddress
#     to set the Java Heap base and to place the Java Heap above 4GB virtual address.
# This output file may be truncated or incomplete.
#
#  Out of Memory Error (arena.cpp:189), pid=14624, tid=18792
#
# JRE version: OpenJDK Runtime Environment (17.0.7) (build 17.0.7+0-b2043.56-10550314)
# Java VM: OpenJDK 64-Bit Server VM (17.0.7+0-b2043.56-10550314, mixed mode, tiered, compressed oops, compressed class ptrs, g1 gc, windows-amd64)
# No core dump will be written. Minidumps are not enabled by default on client versions of Windows
#

---------------  S U M M A R Y ------------

Command Line: org.jetbrains.kotlin.cli.jvm.K2JVMCompiler @C:\Users\Student\AndroidStudioProjects\MyNotes\app\build\20240722_2828606921058709533.compiler.options

Host: Intel(R) Core(TM) i5-7500 CPU @ 3.40GHz, 4 cores, 7G,  Windows 10 , 64 bit Build 19041 (10.0.19041.4597)
Time: Mon Jul 22 12:43:29 2024 Jerusalem Daylight Time elapsed time: 7.306224 seconds (0d 0h 0m 7s)

---------------  T H R E A D  ---------------

Current thread (0x000002170f907250):  JavaThread "C2 CompilerThread1" daemon [_thread_in_native, id=18792, stack(0x000000cb08b00000,0x000000cb08c00000)]


Current CompileTask:
C2:   7306 7017       4       org.jetbrains.org.objectweb.asm.ClassReader::readMethod (1061 bytes)

Stack: [0x000000cb08b00000,0x000000cb08c00000]
Native frames: (J=compiled Java code, j=interpreted, Vv=VM code, C=native code)
V  [jvm.dll+0x683bfa]
V  [jvm.dll+0x8430a4]
V  [jvm.dll+0x8449be]
V  [jvm.dll+0x845023]
V  [jvm.dll+0x24ad2f]
V  [jvm.dll+0xac25c]
V  [jvm.dll+0xac82c]
V  [jvm.dll+0x36a187]
V  [jvm.dll+0x334821]
V  [jvm.dll+0x333cca]
V  [jvm.dll+0x21d251]
V  [jvm.dll+0x21c671]
V  [jvm.dll+0x1a605d]
V  [jvm.dll+0x22c148]
V  [jvm.dll+0x22a209]
V  [jvm.dll+0x7f858c]
V  [jvm.dll+0x7f2aea]
V  [jvm.dll+0x682a35]
C  [ucrtbase.dll+0x21bb2]
C  [KERNEL32.DLL+0x17374]
C  [ntdll.dll+0x4cc91]


---------------  P R O C E S S  ---------------

Threads class SMR info:
_java_thread_list=0x0000021710705ee0, length=13, elements={
0x00000217705e2390, 0x000002177aac7810, 0x000002177aac87c0, 0x000002177aaed350,
0x000002177ab0e420, 0x000002177f02b410, 0x000002177f02cce0, 0x000002177f02d8d0,
0x000002177f02ef10, 0x000002177f02f810, 0x000002177f1b0470, 0x000002177f1b1560,
0x000002170f907250
}

Java Threads: ( => current thread )
  0x00000217705e2390 JavaThread "main" [_thread_in_Java, id=7504, stack(0x000000cb07800000,0x000000cb07900000)]
  0x000002177aac7810 JavaThread "Reference Handler" daemon [_thread_blocked, id=14040, stack(0x000000cb07f00000,0x000000cb08000000)]
  0x000002177aac87c0 JavaThread "Finalizer" daemon [_thread_blocked, id=6744, stack(0x000000cb08000000,0x000000cb08100000)]
  0x000002177aaed350 JavaThread "Signal Dispatcher" daemon [_thread_blocked, id=5880, stack(0x000000cb08100000,0x000000cb08200000)]
  0x000002177ab0e420 JavaThread "Attach Listener" daemon [_thread_blocked, id=19068, stack(0x000000cb08200000,0x000000cb08300000)]
  0x000002177f02b410 JavaThread "Service Thread" daemon [_thread_blocked, id=3760, stack(0x000000cb08300000,0x000000cb08400000)]
  0x000002177f02cce0 JavaThread "Monitor Deflation Thread" daemon [_thread_blocked, id=18812, stack(0x000000cb08400000,0x000000cb08500000)]
  0x000002177f02d8d0 JavaThread "C2 CompilerThread0" daemon [_thread_in_native, id=15528, stack(0x000000cb08500000,0x000000cb08600000)]
  0x000002177f02ef10 JavaThread "C1 CompilerThread0" daemon [_thread_in_vm, id=3320, stack(0x000000cb08600000,0x000000cb08700000)]
  0x000002177f02f810 JavaThread "Sweeper thread" daemon [_thread_blocked, id=14568, stack(0x000000cb08700000,0x000000cb08800000)]
  0x000002177f1b0470 JavaThread "Notification Thread" daemon [_thread_blocked, id=2988, stack(0x000000cb08800000,0x000000cb08900000)]
  0x000002177f1b1560 JavaThread "Common-Cleaner" daemon [_thread_blocked, id=8032, stack(0x000000cb08a00000,0x000000cb08b00000)]
=>0x000002170f907250 JavaThread "C2 CompilerThread1" daemon [_thread_in_native, id=18792, stack(0x000000cb08b00000,0x000000cb08c00000)]

Other Threads:
  0x000002177aa7b8c0 VMThread "VM Thread" [stack: 0x000000cb07e00000,0x000000cb07f00000] [id=2860]
  0x0000021770655190 WatcherThread [stack: 0x000000cb08900000,0x000000cb08a00000] [id=14032]
  0x000002177063bc30 GCTaskThread "GC Thread#0" [stack: 0x000000cb07900000,0x000000cb07a00000] [id=6040]
  0x000002177f616870 GCTaskThread "GC Thread#1" [stack: 0x000000cb08c00000,0x000000cb08d00000] [id=14052]
  0x000002177f643090 GCTaskThread "GC Thread#2" [stack: 0x000000cb08d00000,0x000000cb08e00000] [id=11516]
  0x000002177f65d540 GCTaskThread "GC Thread#3" [stack: 0x000000cb08e00000,0x000000cb08f00000] [id=6028]
  0x000002177064c7b0 ConcurrentGCThread "G1 Main Marker" [stack: 0x000000cb07a00000,0x000000cb07b00000] [id=15324]
  0x000002177064d1c0 ConcurrentGCThread "G1 Conc#0" [stack: 0x000000cb07b00000,0x000000cb07c00000] [id=1984]
  0x000002177a9300a0 ConcurrentGCThread "G1 Refine#0" [stack: 0x000000cb07c00000,0x000000cb07d00000] [id=18596]
  0x0000021711124640 ConcurrentGCThread "G1 Refine#1" [stack: 0x000000cb08f00000,0x000000cb09000000] [id=2120]
  0x000002177a930ac0 ConcurrentGCThread "G1 Service" [stack: 0x000000cb07d00000,0x000000cb07e00000] [id=7344]

Threads with active compile tasks:
C2 CompilerThread0     7326 7014       4       org.jetbrains.kotlin.cli.jvm.index.JvmDependenciesIndexImpl::search (386 bytes)
C1 CompilerThread0     7326 7147       2       org.jetbrains.kotlin.resolve.scopes.BaseHierarchicalScope::recordLookup (7 bytes)
C2 CompilerThread1     7326 7017       4       org.jetbrains.org.objectweb.asm.ClassReader::readMethod (1061 bytes)

VM state: not at safepoint (normal execution)

VM Mutex/Monitor currently owned by a thread: None

Heap address: 0x0000000081e00000, size: 2018 MB, Compressed Oops mode: 32-bit

CDS archive(s) not mapped
Compressed class space mapped at: 0x0000000100000000-0x0000000140000000, reserved size: 1073741824
Narrow klass base: 0x0000000000000000, Narrow klass shift: 3, Narrow klass range: 0x140000000

GC Precious Log:
 CPUs: 4 total, 4 available
 Memory: 8071M
 Large Page Support: Disabled
 NUMA Support: Disabled
 Compressed Oops: Enabled (32-bit)
 Heap Region Size: 1M
 Heap Min Capacity: 8M
 Heap Initial Capacity: 128M
 Heap Max Capacity: 2018M
 Pre-touch: Disabled
 Parallel Workers: 4
 Concurrent Workers: 1
 Concurrent Refinement Workers: 4
 Periodic GC: Disabled

Heap:
 garbage-first heap   total 103424K, used 68021K [0x0000000081e00000, 0x0000000100000000)
  region size 1024K, 23 young (23552K), 2 survivors (2048K)
 Metaspace       used 63048K, committed 63360K, reserved 1114112K
  class space    used 7662K, committed 7808K, reserved 1048576K

Heap Regions: E=young(eden), S=young(survivor), O=old, HS=humongous(starts), HC=humongous(continues), CS=collection set, F=free, OA=open archive, CA=closed archive, TAMS=top-at-mark-start (previous, next)
|   0|0x0000000081e00000, 0x0000000081f00000, 0x0000000081f00000|100%|HS|  |TAMS 0x0000000081f00000, 0x0000000081e00000| Complete 
|   1|0x0000000081f00000, 0x0000000082000000, 0x0000000082000000|100%|HC|  |TAMS 0x0000000082000000, 0x0000000081f00000| Complete 
|   2|0x0000000082000000, 0x0000000082100000, 0x0000000082100000|100%|HC|  |TAMS 0x0000000082100000, 0x0000000082000000| Complete 
|   3|0x0000000082100000, 0x0000000082200000, 0x0000000082200000|100%|HC|  |TAMS 0x0000000082200000, 0x0000000082100000| Complete 
|   4|0x0000000082200000, 0x0000000082300000, 0x0000000082300000|100%| O|  |TAMS 0x0000000082300000, 0x0000000082200000| Untracked 
|   5|0x0000000082300000, 0x00000000823f1000, 0x0000000082400000| 94%| O|  |TAMS 0x00000000823f1000, 0x0000000082300000| Untracked 
|   6|0x0000000082400000, 0x0000000082500000, 0x0000000082500000|100%| O|  |TAMS 0x0000000082500000, 0x0000000082400000| Untracked 
|   7|0x0000000082500000, 0x0000000082600000, 0x0000000082600000|100%| O|  |TAMS 0x0000000082600000, 0x0000000082500000| Untracked 
|   8|0x0000000082600000, 0x0000000082700000, 0x0000000082700000|100%| O|  |TAMS 0x0000000082700000, 0x0000000082600000| Untracked 
|   9|0x0000000082700000, 0x0000000082800000, 0x0000000082800000|100%| O|  |TAMS 0x0000000082800000, 0x0000000082700000| Untracked 
|  10|0x0000000082800000, 0x0000000082900000, 0x0000000082900000|100%| O|  |TAMS 0x0000000082900000, 0x0000000082800000| Untracked 
|  11|0x0000000082900000, 0x0000000082a00000, 0x0000000082a00000|100%| O|  |TAMS 0x0000000082a00000, 0x0000000082900000| Untracked 
|  12|0x0000000082a00000, 0x0000000082b00000, 0x0000000082b00000|100%| O|  |TAMS 0x0000000082b00000, 0x0000000082a00000| Untracked 
|  13|0x0000000082b00000, 0x0000000082c00000, 0x0000000082c00000|100%| O|  |TAMS 0x0000000082c00000, 0x0000000082b00000| Untracked 
|  14|0x0000000082c00000, 0x0000000082d00000, 0x0000000082d00000|100%| O|  |TAMS 0x0000000082d00000, 0x0000000082c00000| Untracked 
|  15|0x0000000082d00000, 0x0000000082e00000, 0x0000000082e00000|100%| O|  |TAMS 0x0000000082e00000, 0x0000000082d00000| Untracked 
|  16|0x0000000082e00000, 0x0000000082f00000, 0x0000000082f00000|100%| O|  |TAMS 0x0000000082f00000, 0x0000000082e00000| Untracked 
|  17|0x0000000082f00000, 0x0000000083000000, 0x0000000083000000|100%| O|  |TAMS 0x0000000083000000, 0x0000000082f00000| Untracked 
|  18|0x0000000083000000, 0x0000000083100000, 0x0000000083100000|100%| O|  |TAMS 0x0000000083100000, 0x0000000083000000| Untracked 
|  19|0x0000000083100000, 0x0000000083200000, 0x0000000083200000|100%| O|  |TAMS 0x0000000083200000, 0x0000000083100000| Untracked 
|  20|0x0000000083200000, 0x0000000083300000, 0x0000000083300000|100%|HS|  |TAMS 0x0000000083300000, 0x0000000083200000| Complete 
|  21|0x0000000083300000, 0x0000000083400000, 0x0000000083400000|100%|HC|  |TAMS 0x0000000083400000, 0x0000000083300000| Complete 
|  22|0x0000000083400000, 0x0000000083500000, 0x0000000083500000|100%| O|  |TAMS 0x0000000083500000, 0x0000000083400000| Untracked 
|  23|0x0000000083500000, 0x0000000083600000, 0x0000000083600000|100%| O|  |TAMS 0x0000000083600000, 0x0000000083500000| Untracked 
|  24|0x0000000083600000, 0x0000000083700000, 0x0000000083700000|100%| O|  |TAMS 0x0000000083700000, 0x0000000083600000| Untracked 
|  25|0x0000000083700000, 0x0000000083800000, 0x0000000083800000|100%| O|  |TAMS 0x0000000083800000, 0x0000000083700000| Untracked 
|  26|0x0000000083800000, 0x0000000083900000, 0x0000000083900000|100%| O|  |TAMS 0x0000000083900000, 0x0000000083800000| Untracked 
|  27|0x0000000083900000, 0x0000000083a00000, 0x0000000083a00000|100%| O|  |TAMS 0x0000000083a00000, 0x0000000083900000| Untracked 
|  28|0x0000000083a00000, 0x0000000083b00000, 0x0000000083b00000|100%| O|  |TAMS 0x0000000083b00000, 0x0000000083a00000| Untracked 
|  29|0x0000000083b00000, 0x0000000083c00000, 0x0000000083c00000|100%| O|  |TAMS 0x0000000083c00000, 0x0000000083b00000| Untracked 
|  30|0x0000000083c00000, 0x0000000083d00000, 0x0000000083d00000|100%| O|  |TAMS 0x0000000083d00000, 0x0000000083c00000| Untracked 
|  31|0x0000000083d00000, 0x0000000083e00000, 0x0000000083e00000|100%| O|  |TAMS 0x0000000083e00000, 0x0000000083d00000| Untracked 
|  32|0x0000000083e00000, 0x0000000083f00000, 0x0000000083f00000|100%| O|  |TAMS 0x0000000083f00000, 0x0000000083e00000| Complete 
|  33|0x0000000083f00000, 0x0000000084000000, 0x0000000084000000|100%| O|  |TAMS 0x0000000084000000, 0x0000000083f00000| Untracked 
|  34|0x0000000084000000, 0x0000000084100000, 0x0000000084100000|100%| O|  |TAMS 0x0000000084100000, 0x0000000084000000| Untracked 
|  35|0x0000000084100000, 0x0000000084200000, 0x0000000084200000|100%| O|  |TAMS 0x0000000084200000, 0x0000000084100000| Untracked 
|  36|0x0000000084200000, 0x0000000084300000, 0x0000000084300000|100%| O|  |TAMS 0x0000000084300000, 0x0000000084200000| Untracked 
|  37|0x0000000084300000, 0x0000000084400000, 0x0000000084400000|100%| O|  |TAMS 0x0000000084400000, 0x0000000084300000| Untracked 
|  38|0x0000000084400000, 0x0000000084500000, 0x0000000084500000|100%| O|  |TAMS 0x00000000844aa000, 0x0000000084400000| Untracked 
|  39|0x0000000084500000, 0x0000000084600000, 0x0000000084600000|100%| O|  |TAMS 0x0000000084500000, 0x0000000084500000| Untracked 
|  40|0x0000000084600000, 0x0000000084700000, 0x0000000084700000|100%| O|  |TAMS 0x0000000084600000, 0x0000000084600000| Untracked 
|  41|0x0000000084700000, 0x0000000084800000, 0x0000000084800000|100%| O|  |TAMS 0x0000000084700000, 0x0000000084700000| Untracked 
|  42|0x0000000084800000, 0x0000000084900000, 0x0000000084900000|100%| O|  |TAMS 0x0000000084800000, 0x0000000084800000| Untracked 
|  43|0x0000000084900000, 0x000000008497c600, 0x0000000084a00000| 48%| O|  |TAMS 0x0000000084900000, 0x0000000084900000| Untracked 
|  44|0x0000000084a00000, 0x0000000084a00000, 0x0000000084b00000|  0%| F|  |TAMS 0x0000000084a00000, 0x0000000084a00000| Untracked 
|  45|0x0000000084b00000, 0x0000000084b00000, 0x0000000084c00000|  0%| F|  |TAMS 0x0000000084b00000, 0x0000000084b00000| Untracked 
|  46|0x0000000084c00000, 0x0000000084c00000, 0x0000000084d00000|  0%| F|  |TAMS 0x0000000084c00000, 0x0000000084c00000| Untracked 
|  47|0x0000000084d00000, 0x0000000084d00000, 0x0000000084e00000|  0%| F|  |TAMS 0x0000000084d00000, 0x0000000084d00000| Untracked 
|  48|0x0000000084e00000, 0x0000000084e00000, 0x0000000084f00000|  0%| F|  |TAMS 0x0000000084e00000, 0x0000000084e00000| Untracked 
|  49|0x0000000084f00000, 0x0000000084f00000, 0x0000000085000000|  0%| F|  |TAMS 0x0000000084f00000, 0x0000000084f00000| Untracked 
|  50|0x0000000085000000, 0x0000000085000000, 0x0000000085100000|  0%| F|  |TAMS 0x0000000085000000, 0x0000000085000000| Untracked 
|  51|0x0000000085100000, 0x0000000085100000, 0x0000000085200000|  0%| F|  |TAMS 0x0000000085100000, 0x0000000085100000| Untracked 
|  52|0x0000000085200000, 0x0000000085200000, 0x0000000085300000|  0%| F|  |TAMS 0x0000000085200000, 0x0000000085200000| Untracked 
|  53|0x0000000085300000, 0x0000000085300000, 0x0000000085400000|  0%| F|  |TAMS 0x0000000085300000, 0x0000000085300000| Untracked 
|  54|0x0000000085400000, 0x0000000085400000, 0x0000000085500000|  0%| F|  |TAMS 0x0000000085400000, 0x0000000085400000| Untracked 
|  55|0x0000000085500000, 0x0000000085500000, 0x0000000085600000|  0%| F|  |TAMS 0x0000000085500000, 0x0000000085500000| Untracked 
|  56|0x0000000085600000, 0x0000000085600000, 0x0000000085700000|  0%| F|  |TAMS 0x0000000085600000, 0x0000000085600000| Untracked 
|  57|0x0000000085700000, 0x0000000085700000, 0x0000000085800000|  0%| F|  |TAMS 0x0000000085700000, 0x0000000085700000| Untracked 
|  58|0x0000000085800000, 0x0000000085800000, 0x0000000085900000|  0%| F|  |TAMS 0x0000000085800000, 0x0000000085800000| Untracked 
|  59|0x0000000085900000, 0x0000000085900000, 0x0000000085a00000|  0%| F|  |TAMS 0x0000000085900000, 0x0000000085900000| Untracked 
|  60|0x0000000085a00000, 0x0000000085b00000, 0x0000000085b00000|100%| S|CS|TAMS 0x0000000085a00000, 0x0000000085a00000| Complete 
|  61|0x0000000085b00000, 0x0000000085c00000, 0x0000000085c00000|100%| S|CS|TAMS 0x0000000085b00000, 0x0000000085b00000| Complete 
|  62|0x0000000085c00000, 0x0000000085c00000, 0x0000000085d00000|  0%| F|  |TAMS 0x0000000085c00000, 0x0000000085c00000| Untracked 
|  63|0x0000000085d00000, 0x0000000085d00000, 0x0000000085e00000|  0%| F|  |TAMS 0x0000000085d00000, 0x0000000085d00000| Untracked 
|  64|0x0000000085e00000, 0x0000000085e00000, 0x0000000085f00000|  0%| F|  |TAMS 0x0000000085e00000, 0x0000000085e00000| Untracked 
|  65|0x0000000085f00000, 0x0000000085f00000, 0x0000000086000000|  0%| F|  |TAMS 0x0000000085f00000, 0x0000000085f00000| Untracked 
|  66|0x0000000086000000, 0x0000000086000000, 0x0000000086100000|  0%| F|  |TAMS 0x0000000086000000, 0x0000000086000000| Untracked 
|  67|0x0000000086100000, 0x0000000086100000, 0x0000000086200000|  0%| F|  |TAMS 0x0000000086100000, 0x0000000086100000| Untracked 
|  68|0x0000000086200000, 0x0000000086200000, 0x0000000086300000|  0%| F|  |TAMS 0x0000000086200000, 0x0000000086200000| Untracked 
|  69|0x0000000086300000, 0x0000000086300000, 0x0000000086400000|  0%| F|  |TAMS 0x0000000086300000, 0x0000000086300000| Untracked 
|  70|0x0000000086400000, 0x0000000086400000, 0x0000000086500000|  0%| F|  |TAMS 0x0000000086400000, 0x0000000086400000| Untracked 
|  71|0x0000000086500000, 0x0000000086500000, 0x0000000086600000|  0%| F|  |TAMS 0x0000000086500000, 0x0000000086500000| Untracked 
|  72|0x0000000086600000, 0x0000000086600000, 0x0000000086700000|  0%| F|  |TAMS 0x0000000086600000, 0x0000000086600000| Untracked 
|  73|0x0000000086700000, 0x0000000086700000, 0x0000000086800000|  0%| F|  |TAMS 0x0000000086700000, 0x0000000086700000| Untracked 
|  74|0x0000000086800000, 0x0000000086800000, 0x0000000086900000|  0%| F|  |TAMS 0x0000000086800000, 0x0000000086800000| Untracked 
|  75|0x0000000086900000, 0x0000000086900000, 0x0000000086a00000|  0%| F|  |TAMS 0x0000000086900000, 0x0000000086900000| Untracked 
|  76|0x0000000086a00000, 0x0000000086a00000, 0x0000000086b00000|  0%| F|  |TAMS 0x0000000086a00000, 0x0000000086a00000| Untracked 
|  77|0x0000000086b00000, 0x0000000086b00000, 0x0000000086c00000|  0%| F|  |TAMS 0x0000000086b00000, 0x0000000086b00000| Untracked 
|  78|0x0000000086c00000, 0x0000000086c00000, 0x0000000086d00000|  0%| F|  |TAMS 0x0000000086c00000, 0x0000000086c00000| Untracked 
|  79|0x0000000086d00000, 0x0000000086e00000, 0x0000000086e00000|100%| E|  |TAMS 0x0000000086d00000, 0x0000000086d00000| Complete 
|  80|0x0000000086e00000, 0x0000000086f00000, 0x0000000086f00000|100%| E|CS|TAMS 0x0000000086e00000, 0x0000000086e00000| Complete 
|  81|0x0000000086f00000, 0x0000000087000000, 0x0000000087000000|100%| E|CS|TAMS 0x0000000086f00000, 0x0000000086f00000| Complete 
|  82|0x0000000087000000, 0x0000000087100000, 0x0000000087100000|100%| E|CS|TAMS 0x0000000087000000, 0x0000000087000000| Complete 
|  83|0x0000000087100000, 0x0000000087200000, 0x0000000087200000|100%| E|CS|TAMS 0x0000000087100000, 0x0000000087100000| Complete 
|  84|0x0000000087200000, 0x0000000087300000, 0x0000000087300000|100%| E|CS|TAMS 0x0000000087200000, 0x0000000087200000| Complete 
|  85|0x0000000087300000, 0x0000000087400000, 0x0000000087400000|100%| E|CS|TAMS 0x0000000087300000, 0x0000000087300000| Complete 
|  86|0x0000000087400000, 0x0000000087500000, 0x0000000087500000|100%| E|CS|TAMS 0x0000000087400000, 0x0000000087400000| Complete 
|  87|0x0000000087500000, 0x0000000087600000, 0x0000000087600000|100%| E|CS|TAMS 0x0000000087500000, 0x0000000087500000| Complete 
|  88|0x0000000087600000, 0x0000000087700000, 0x0000000087700000|100%| E|CS|TAMS 0x0000000087600000, 0x0000000087600000| Complete 
|  89|0x0000000087700000, 0x0000000087800000, 0x0000000087800000|100%| E|CS|TAMS 0x0000000087700000, 0x0000000087700000| Complete 
|  90|0x0000000087800000, 0x0000000087900000, 0x0000000087900000|100%| E|CS|TAMS 0x0000000087800000, 0x0000000087800000| Complete 
|  91|0x0000000087900000, 0x0000000087a00000, 0x0000000087a00000|100%| E|CS|TAMS 0x0000000087900000, 0x0000000087900000| Complete 
|  92|0x0000000087a00000, 0x0000000087b00000, 0x0000000087b00000|100%| E|CS|TAMS 0x0000000087a00000, 0x0000000087a00000| Complete 
|  93|0x0000000087b00000, 0x0000000087c00000, 0x0000000087c00000|100%| E|CS|TAMS 0x0000000087b00000, 0x0000000087b00000| Complete 
|  95|0x0000000087d00000, 0x0000000087e00000, 0x0000000087e00000|100%| E|CS|TAMS 0x0000000087d00000, 0x0000000087d00000| Complete 
|  96|0x0000000087e00000, 0x0000000087f00000, 0x0000000087f00000|100%| E|CS|TAMS 0x0000000087e00000, 0x0000000087e00000| Complete 
|  97|0x0000000087f00000, 0x0000000088000000, 0x0000000088000000|100%| E|CS|TAMS 0x0000000087f00000, 0x0000000087f00000| Complete 
|  98|0x0000000088000000, 0x0000000088100000, 0x0000000088100000|100%| E|CS|TAMS 0x0000000088000000, 0x0000000088000000| Complete 
|  99|0x0000000088100000, 0x0000000088200000, 0x0000000088200000|100%| E|CS|TAMS 0x0000000088100000, 0x0000000088100000| Complete 
| 127|0x0000000089d00000, 0x0000000089e00000, 0x0000000089e00000|100%| E|CS|TAMS 0x0000000089d00000, 0x0000000089d00000| Complete 
|2017|0x00000000fff00000, 0x0000000100000000, 0x0000000100000000|100%| O|  |TAMS 0x0000000100000000, 0x00000000fff00000| Untracked 

Card table byte_map: [0x0000021773ec0000,0x00000217742c0000] _byte_map_base: 0x0000021773ab1000

Marking Bits (Prev, Next): (CMBitMap*) 0x000002177063c280, (CMBitMap*) 0x000002177063c240
 Prev Bits: [0x0000021776650000, 0x00000217785d8000)
 Next Bits: [0x00000217746c0000, 0x0000021776648000)

Polling page: 0x000002176fdb0000

Metaspace:

Usage:
  Non-class:     54.09 MB used.
      Class:      7.48 MB used.
       Both:     61.57 MB used.

Virtual space:
  Non-class space:       64.00 MB reserved,      54.25 MB ( 85%) committed,  1 nodes.
      Class space:        1.00 GB reserved,       7.62 MB ( <1%) committed,  1 nodes.
             Both:        1.06 GB reserved,      61.88 MB (  6%) committed. 

Chunk freelists:
   Non-Class:  9.54 MB
       Class:  8.39 MB
        Both:  17.92 MB

MaxMetaspaceSize: unlimited
CompressedClassSpaceSize: 1.00 GB
Initial GC threshold: 21.00 MB
Current GC threshold: 97.31 MB
CDS: off
MetaspaceReclaimPolicy: balanced
 - commit_granule_bytes: 65536.
 - commit_granule_words: 8192.
 - virtual_space_node_default_size: 8388608.
 - enlarge_chunks_in_place: 1.
 - new_chunks_are_fully_committed: 0.
 - uncommit_free_chunks: 1.
 - use_allocation_guard: 0.
 - handle_deallocations: 1.


Internal statistics:

num_allocs_failed_limit: 6.
num_arena_births: 282.
num_arena_deaths: 0.
num_vsnodes_births: 2.
num_vsnodes_deaths: 0.
num_space_committed: 988.
num_space_uncommitted: 0.
num_chunks_returned_to_freelist: 6.
num_chunks_taken_from_freelist: 2230.
num_chunk_merges: 6.
num_chunk_splits: 1835.
num_chunks_enlarged: 1626.
num_inconsistent_stats: 0.

CodeHeap 'non-profiled nmethods': size=120000Kb used=3229Kb max_used=3229Kb free=116771Kb
 bounds [0x0000021707ad0000, 0x0000021707e00000, 0x000002170f000000]
CodeHeap 'profiled nmethods': size=120000Kb used=14583Kb max_used=14583Kb free=105416Kb
 bounds [0x0000021700000000, 0x0000021700e40000, 0x0000021707530000]
CodeHeap 'non-nmethods': size=5760Kb used=1293Kb max_used=1400Kb free=4467Kb
 bounds [0x0000021707530000, 0x00000217077a0000, 0x0000021707ad0000]
 total_blobs=6834 nmethods=6227 adapters=518
 compilation: enabled
              stopped_count=0, restarted_count=0
 full_count=0

Compilation events (20 events):
Event: 7.271 Thread 0x000002177f02ef10 nmethod 7087 0x0000021700e00e90 code [0x0000021700e01020, 0x0000021700e01168]
Event: 7.271 Thread 0x000002177f02ef10 7088       3       org.jetbrains.kotlin.resolve.calls.inference.model.NewConstraintSystemImpl::asConstraintSystemCompleterContext (27 bytes)
Event: 7.271 Thread 0x000002177f02ef10 nmethod 7088 0x0000021700e01210 code [0x0000021700e013c0, 0x0000021700e01548]
Event: 7.275 Thread 0x000002177f02ef10 7090       1       org.jetbrains.kotlin.resolve.calls.inference.model.Constraint::isNullabilityConstraint (5 bytes)
Event: 7.275 Thread 0x000002177f02ef10 nmethod 7090 0x0000021707df2610 code [0x0000021707df27a0, 0x0000021707df2878]
Event: 7.275 Thread 0x000002177f02ef10 7091       1       org.jetbrains.kotlin.resolve.calls.inference.model.MutableVariableWithConstraints::getTypeVariable (5 bytes)
Event: 7.275 Thread 0x000002177f02ef10 nmethod 7091 0x0000021707df2910 code [0x0000021707df2aa0, 0x0000021707df2b78]
Event: 7.275 Thread 0x000002177f02ef10 7092       3       org.jetbrains.kotlin.resolve.calls.inference.components.VariableFixationFinderKt::extractProjectionsForAllCapturedTypes (390 bytes)
Event: 7.279 Thread 0x000002177f02ef10 nmethod 7092 0x0000021700e01610 code [0x0000021700e01ea0, 0x0000021700e06d88]
Event: 7.280 Thread 0x000002177f02ef10 7093       3       org.jetbrains.kotlin.types.AbstractTypeConstructor$supertypes$1::invoke (5 bytes)
Event: 7.281 Thread 0x000002177f02ef10 nmethod 7093 0x0000021700e08710 code [0x0000021700e089a0, 0x0000021700e095f8]
Event: 7.281 Thread 0x000002177f02ef10 7094       3       org.jetbrains.kotlin.types.AbstractTypeConstructor$supertypes$1::invoke (15 bytes)
Event: 7.282 Thread 0x000002177f02ef10 nmethod 7094 0x0000021700e09a90 code [0x0000021700e09d20, 0x0000021700e0a918]
Event: 7.283 Thread 0x000002177f02ef10 7095       3       org.jetbrains.kotlin.resolve.jvm.KotlinJavaPsiFacade::getProject (14 bytes)
Event: 7.283 Thread 0x000002177f02ef10 nmethod 7095 0x0000021700e0ad90 code [0x0000021700e0af40, 0x0000021700e0b0c8]
Event: 7.283 Thread 0x000002177f02ef10 7096       3       org.jetbrains.kotlin.name.Name::special (55 bytes)
Event: 7.284 Thread 0x000002177f02ef10 nmethod 7096 0x0000021700e0b190 code [0x0000021700e0b400, 0x0000021700e0bd68]
Event: 7.284 Thread 0x000002177f02ef10 7097       3       org.jetbrains.org.objectweb.asm.MethodVisitor::visitMethodInsn (80 bytes)
Event: 7.285 Thread 0x000002177f02ef10 nmethod 7097 0x0000021700e0c110 code [0x0000021700e0c2e0, 0x0000021700e0c7a8]
Event: 7.285 Thread 0x000002177f02ef10 7098       3       org.jetbrains.org.objectweb.asm.ClassReader::readCode (5089 bytes)

GC Heap History (20 events):
Event: 2.150 GC heap before
{Heap before GC invocations=8 (full 0):
 garbage-first heap   total 51200K, used 21783K [0x0000000081e00000, 0x0000000100000000)
  region size 1024K, 6 young (6144K), 2 survivors (2048K)
 Metaspace       used 35754K, committed 35968K, reserved 1114112K
  class space    used 4600K, committed 4736K, reserved 1048576K
}
Event: 2.152 GC heap after
{Heap after GC invocations=9 (full 0):
 garbage-first heap   total 51200K, used 19032K [0x0000000081e00000, 0x0000000100000000)
  region size 1024K, 2 young (2048K), 2 survivors (2048K)
 Metaspace       used 35754K, committed 35968K, reserved 1114112K
  class space    used 4600K, committed 4736K, reserved 1048576K
}
Event: 2.451 GC heap before
{Heap before GC invocations=10 (full 0):
 garbage-first heap   total 51200K, used 36440K [0x0000000081e00000, 0x0000000100000000)
  region size 1024K, 20 young (20480K), 2 survivors (2048K)
 Metaspace       used 39340K, committed 39552K, reserved 1114112K
  class space    used 4946K, committed 5056K, reserved 1048576K
}
Event: 2.455 GC heap after
{Heap after GC invocations=11 (full 0):
 garbage-first heap   total 51200K, used 21051K [0x0000000081e00000, 0x0000000100000000)
  region size 1024K, 3 young (3072K), 3 survivors (3072K)
 Metaspace       used 39340K, committed 39552K, reserved 1114112K
  class space    used 4946K, committed 5056K, reserved 1048576K
}
Event: 2.467 GC heap before
{Heap before GC invocations=11 (full 0):
 garbage-first heap   total 51200K, used 21051K [0x0000000081e00000, 0x0000000100000000)
  region size 1024K, 4 young (4096K), 3 survivors (3072K)
 Metaspace       used 39540K, committed 39744K, reserved 1114112K
  class space    used 4961K, committed 5056K, reserved 1048576K
}
Event: 2.470 GC heap after
{Heap after GC invocations=12 (full 0):
 garbage-first heap   total 51200K, used 20634K [0x0000000081e00000, 0x0000000100000000)
  region size 1024K, 1 young (1024K), 1 survivors (1024K)
 Metaspace       used 39540K, committed 39744K, reserved 1114112K
  class space    used 4961K, committed 5056K, reserved 1048576K
}
Event: 2.731 GC heap before
{Heap before GC invocations=12 (full 0):
 garbage-first heap   total 51200K, used 38042K [0x0000000081e00000, 0x0000000100000000)
  region size 1024K, 18 young (18432K), 1 survivors (1024K)
 Metaspace       used 43613K, committed 43840K, reserved 1114112K
  class space    used 5399K, committed 5504K, reserved 1048576K
}
Event: 2.734 GC heap after
{Heap after GC invocations=13 (full 0):
 garbage-first heap   total 51200K, used 21598K [0x0000000081e00000, 0x0000000100000000)
  region size 1024K, 2 young (2048K), 2 survivors (2048K)
 Metaspace       used 43613K, committed 43840K, reserved 1114112K
  class space    used 5399K, committed 5504K, reserved 1048576K
}
Event: 3.215 GC heap before
{Heap before GC invocations=13 (full 0):
 garbage-first heap   total 51200K, used 41054K [0x0000000081e00000, 0x0000000100000000)
  region size 1024K, 19 young (19456K), 2 survivors (2048K)
 Metaspace       used 47519K, committed 47744K, reserved 1114112K
  class space    used 5848K, committed 5952K, reserved 1048576K
}
Event: 3.221 GC heap after
{Heap after GC invocations=14 (full 0):
 garbage-first heap   total 86016K, used 25872K [0x0000000081e00000, 0x0000000100000000)
  region size 1024K, 3 young (3072K), 3 survivors (3072K)
 Metaspace       used 47519K, committed 47744K, reserved 1114112K
  class space    used 5848K, committed 5952K, reserved 1048576K
}
Event: 3.638 GC heap before
{Heap before GC invocations=14 (full 0):
 garbage-first heap   total 86016K, used 62736K [0x0000000081e00000, 0x0000000100000000)
  region size 1024K, 38 young (38912K), 3 survivors (3072K)
 Metaspace       used 51051K, committed 51264K, reserved 1114112K
  class space    used 6252K, committed 6336K, reserved 1048576K
}
Event: 3.650 GC heap after
{Heap after GC invocations=15 (full 0):
 garbage-first heap   total 86016K, used 30660K [0x0000000081e00000, 0x0000000100000000)
  region size 1024K, 5 young (5120K), 5 survivors (5120K)
 Metaspace       used 51051K, committed 51264K, reserved 1114112K
  class space    used 6252K, committed 6336K, reserved 1048576K
}
Event: 4.045 GC heap before
{Heap before GC invocations=15 (full 0):
 garbage-first heap   total 86016K, used 62404K [0x0000000081e00000, 0x0000000100000000)
  region size 1024K, 36 young (36864K), 5 survivors (5120K)
 Metaspace       used 54187K, committed 54464K, reserved 1114112K
  class space    used 6599K, committed 6720K, reserved 1048576K
}
Event: 4.055 GC heap after
{Heap after GC invocations=16 (full 0):
 garbage-first heap   total 86016K, used 33749K [0x0000000081e00000, 0x0000000100000000)
  region size 1024K, 3 young (3072K), 3 survivors (3072K)
 Metaspace       used 54187K, committed 54464K, reserved 1114112K
  class space    used 6599K, committed 6720K, reserved 1048576K
}
Event: 5.631 GC heap before
{Heap before GC invocations=16 (full 0):
 garbage-first heap   total 86016K, used 64469K [0x0000000081e00000, 0x0000000100000000)
  region size 1024K, 33 young (33792K), 3 survivors (3072K)
 Metaspace       used 56628K, committed 56832K, reserved 1114112K
  class space    used 6770K, committed 6848K, reserved 1048576K
}
Event: 5.644 GC heap after
{Heap after GC invocations=17 (full 0):
 garbage-first heap   total 86016K, used 39681K [0x0000000081e00000, 0x0000000100000000)
  region size 1024K, 5 young (5120K), 5 survivors (5120K)
 Metaspace       used 56628K, committed 56832K, reserved 1114112K
  class space    used 6770K, committed 6848K, reserved 1048576K
}
Event: 6.115 GC heap before
{Heap before GC invocations=17 (full 0):
 garbage-first heap   total 86016K, used 64257K [0x0000000081e00000, 0x0000000100000000)
  region size 1024K, 30 young (30720K), 5 survivors (5120K)
 Metaspace       used 57798K, committed 58112K, reserved 1114112K
  class space    used 6910K, committed 7040K, reserved 1048576K
}
Event: 6.130 GC heap after
{Heap after GC invocations=18 (full 0):
 garbage-first heap   total 86016K, used 44652K [0x0000000081e00000, 0x0000000100000000)
  region size 1024K, 4 young (4096K), 4 survivors (4096K)
 Metaspace       used 57798K, committed 58112K, reserved 1114112K
  class space    used 6910K, committed 7040K, reserved 1048576K
}
Event: 6.506 GC heap before
{Heap before GC invocations=18 (full 0):
 garbage-first heap   total 86016K, used 66156K [0x0000000081e00000, 0x0000000100000000)
  region size 1024K, 25 young (25600K), 4 survivors (4096K)
 Metaspace       used 59450K, committed 59776K, reserved 1114112K
  class space    used 7162K, committed 7296K, reserved 1048576K
}
Event: 6.518 GC heap after
{Heap after GC invocations=19 (full 0):
 garbage-first heap   total 103424K, used 47541K [0x0000000081e00000, 0x0000000100000000)
  region size 1024K, 2 young (2048K), 2 survivors (2048K)
 Metaspace       used 59450K, committed 59776K, reserved 1114112K
  class space    used 7162K, committed 7296K, reserved 1048576K
}

Dll operation events (2 events):
Event: 0.006 Loaded shared library C:\Program Files\Android\Android Studio\jbr\bin\java.dll
Event: 1.334 Loaded shared library C:\Program Files\Android\Android Studio\jbr\bin\verify.dll

Deoptimization events (20 events):
Event: 7.148 Thread 0x00000217705e2390 Uncommon trap: trap_request=0xffffff45 fr.pc=0x0000021707d7dee8 relative=0x0000000000000148
Event: 7.148 Thread 0x00000217705e2390 Uncommon trap: reason=unstable_if action=reinterpret pc=0x0000021707d7dee8 method=org.jetbrains.kotlin.resolve.DescriptorUtils.getFqNameSafeIfPossible(Lorg/jetbrains/kotlin/descriptors/DeclarationDescriptor;)Lorg/jetbrains/kotlin/name/FqName; @ 12 c2
Event: 7.148 Thread 0x00000217705e2390 DEOPT PACKING pc=0x0000021707d7dee8 sp=0x000000cb078fc590
Event: 7.148 Thread 0x00000217705e2390 DEOPT UNPACKING pc=0x00000217075869a3 sp=0x000000cb078fc538 mode 2
Event: 7.197 Thread 0x00000217705e2390 DEOPT PACKING pc=0x0000021700d6b3cd sp=0x000000cb078fb3d0
Event: 7.197 Thread 0x00000217705e2390 DEOPT UNPACKING pc=0x0000021707587143 sp=0x000000cb078fa860 mode 0
Event: 7.197 Thread 0x00000217705e2390 DEOPT PACKING pc=0x0000021700810021 sp=0x000000cb078fb6e0
Event: 7.197 Thread 0x00000217705e2390 DEOPT UNPACKING pc=0x0000021707587143 sp=0x000000cb078fabe8 mode 0
Event: 7.211 Thread 0x00000217705e2390 Uncommon trap: trap_request=0xffffffde fr.pc=0x0000021707d66c3c relative=0x000000000000017c
Event: 7.211 Thread 0x00000217705e2390 Uncommon trap: reason=class_check action=maybe_recompile pc=0x0000021707d66c3c method=kotlin.collections.CollectionsKt__MutableCollectionsKt.addAll(Ljava/util/Collection;Ljava/lang/Iterable;)Z @ 49 c2
Event: 7.211 Thread 0x00000217705e2390 DEOPT PACKING pc=0x0000021707d66c3c sp=0x000000cb078fbb10
Event: 7.211 Thread 0x00000217705e2390 DEOPT UNPACKING pc=0x00000217075869a3 sp=0x000000cb078fbaa8 mode 2
Event: 7.213 Thread 0x00000217705e2390 Uncommon trap: trap_request=0xffffffde fr.pc=0x0000021707d66c3c relative=0x000000000000017c
Event: 7.213 Thread 0x00000217705e2390 Uncommon trap: reason=class_check action=maybe_recompile pc=0x0000021707d66c3c method=kotlin.collections.CollectionsKt__MutableCollectionsKt.addAll(Ljava/util/Collection;Ljava/lang/Iterable;)Z @ 49 c2
Event: 7.213 Thread 0x00000217705e2390 DEOPT PACKING pc=0x0000021707d66c3c sp=0x000000cb078fbb10
Event: 7.213 Thread 0x00000217705e2390 DEOPT UNPACKING pc=0x00000217075869a3 sp=0x000000cb078fbaa8 mode 2
Event: 7.252 Thread 0x00000217705e2390 Uncommon trap: trap_request=0xffffff45 fr.pc=0x0000021707dc2a50 relative=0x0000000000000bd0
Event: 7.252 Thread 0x00000217705e2390 Uncommon trap: reason=unstable_if action=reinterpret pc=0x0000021707dc2a50 method=org.jetbrains.kotlin.load.kotlin.FileBasedKotlinClass$3$1.visit(Ljava/lang/String;Ljava/lang/Object;)V @ 12 c2
Event: 7.252 Thread 0x00000217705e2390 DEOPT PACKING pc=0x0000021707dc2a50 sp=0x000000cb078fb770
Event: 7.252 Thread 0x00000217705e2390 DEOPT UNPACKING pc=0x00000217075869a3 sp=0x000000cb078fb748 mode 2

Classes unloaded (0 events):
No events

Classes redefined (0 events):
No events

Internal exceptions (20 events):
Event: 4.021 Thread 0x00000217705e2390 Implicit null exception at 0x0000021707c58fef to 0x0000021707c591e4
Event: 4.040 Thread 0x00000217705e2390 Implicit null exception at 0x0000021707c0704c to 0x0000021707c07140
Event: 5.115 Thread 0x00000217705e2390 Exception <a 'java/lang/NoSuchMethodError'{0x0000000086580718}: 'java.lang.Object java.lang.invoke.DirectMethodHandle$Holder.invokeStaticInit(java.lang.Object, java.lang.Object, java.lang.Object)'> (0x0000000086580718) 
thrown [s\src\hotspot\share\interpreter\linkResolver.cpp, line 771]
Event: 5.665 Thread 0x00000217705e2390 Implicit null exception at 0x0000021707b1ba6c to 0x0000021707b1bc60
Event: 5.665 Thread 0x00000217705e2390 Implicit null exception at 0x0000021707b3220f to 0x0000021707b32289
Event: 5.778 Thread 0x00000217705e2390 Exception <a 'java/lang/NoSuchMethodError'{0x00000000868dd1c8}: 'java.lang.Object java.lang.invoke.DirectMethodHandle$Holder.newInvokeSpecial(java.lang.Object, int, java.lang.Object)'> (0x00000000868dd1c8) 
thrown [s\src\hotspot\share\interpreter\linkResolver.cpp, line 771]
Event: 5.779 Thread 0x00000217705e2390 Exception <a 'java/lang/NoSuchMethodError'{0x00000000868e3850}: 'int java.lang.invoke.DirectMethodHandle$Holder.invokeInterface(java.lang.Object, java.lang.Object)'> (0x00000000868e3850) 
thrown [s\src\hotspot\share\interpreter\linkResolver.cpp, line 771]
Event: 5.924 Thread 0x00000217705e2390 Exception <a 'java/lang/NoSuchMethodError'{0x0000000085ed0190}: 'int java.lang.invoke.DirectMethodHandle$Holder.invokeStaticInit(java.lang.Object, int)'> (0x0000000085ed0190) 
thrown [s\src\hotspot\share\interpreter\linkResolver.cpp, line 771]
Event: 5.930 Thread 0x00000217705e2390 Implicit null exception at 0x0000021707dbaf20 to 0x0000021707dbb4d0
Event: 5.976 Thread 0x00000217705e2390 Implicit null exception at 0x0000021707d9a0c0 to 0x0000021707d9a9cc
Event: 5.997 Thread 0x00000217705e2390 Exception <a 'java/lang/NoSuchMethodError'{0x0000000085cd6598}: 'java.lang.Object java.lang.invoke.DirectMethodHandle$Holder.newInvokeSpecial(java.lang.Object, int, java.lang.Object, java.lang.Object)'> (0x0000000085cd6598) 
thrown [s\src\hotspot\share\interpreter\linkResolver.cpp, line 771]
Event: 6.482 Thread 0x00000217705e2390 Exception <a 'java/lang/NoSuchMethodError'{0x0000000085c4ce60}: 'java.lang.Object java.lang.invoke.DirectMethodHandle$Holder.invokeStatic(java.lang.Object, java.lang.Object, java.lang.Object, java.lang.Object, int)'> (0x0000000085c4ce60) 
thrown [s\src\hotspot\share\interpreter\linkResolver.cpp, line 771]
Event: 6.482 Thread 0x00000217705e2390 Exception <a 'java/lang/NoSuchMethodError'{0x0000000085c56a50}: 'java.lang.Object java.lang.invoke.DirectMethodHandle$Holder.newInvokeSpecial(java.lang.Object, java.lang.Object, java.lang.Object, java.lang.Object, int)'> (0x0000000085c56a50) 
thrown [s\src\hotspot\share\interpreter\linkResolver.cpp, line 771]
Event: 6.483 Thread 0x00000217705e2390 Exception <a 'java/lang/NoSuchMethodError'{0x0000000085c5eb20}: 'java.lang.Object java.lang.invoke.Invokers$Holder.linkToTargetMethod(java.lang.Object, java.lang.Object, java.lang.Object, int, java.lang.Object)'> (0x0000000085c5eb20) 
thrown [s\src\hotspot\share\interpreter\linkResolver.cpp, line 771]
Event: 6.689 Thread 0x00000217705e2390 Exception <a 'java/lang/NoSuchMethodError'{0x000000008805f3f8}: 'void java.lang.invoke.DirectMethodHandle$Holder.invokeInterface(java.lang.Object, java.lang.Object)'> (0x000000008805f3f8) 
thrown [s\src\hotspot\share\interpreter\linkResolver.cpp, line 771]
Event: 6.761 Thread 0x00000217705e2390 Exception <a 'java/lang/NoSuchMethodError'{0x0000000087f83060}: 'void java.lang.invoke.DirectMethodHandle$Holder.invokeSpecial(java.lang.Object, java.lang.Object, int, java.lang.Object)'> (0x0000000087f83060) 
thrown [s\src\hotspot\share\interpreter\linkResolver.cpp, line 771]
Event: 7.136 Thread 0x00000217705e2390 Exception <a 'java/lang/NoSuchMethodError'{0x0000000087168c28}: 'java.lang.Object java.lang.invoke.DirectMethodHandle$Holder.newInvokeSpecial(java.lang.Object, java.lang.Object, java.lang.Object, java.lang.Object, java.lang.Object, java.lang.Object, java.lang.Object)'> (0x0000000087168c28) 
thrown [s\src\hotspot\share\interpreter\linkResolver.cpp, line 771]
Event: 7.136 Thread 0x00000217705e2390 Exception <a 'java/lang/NoSuchMethodError'{0x000000008716d3a8}: 'java.lang.Object java.lang.invoke.Invokers$Holder.linkToTargetMethod(java.lang.Object, java.lang.Object, java.lang.Object, java.lang.Object, java.lang.Object, java.lang.Object, java.lang.Object)'> (0x000000008716d3a8) 
thrown [s\src\hotspot\share\interpreter\linkResolver.cpp, line 771]
Event: 7.194 Thread 0x00000217705e2390 Exception <a 'java/lang/NoSuchMethodError'{0x0000000086f41d88}: 'java.lang.Object java.lang.invoke.DirectMethodHandle$Holder.invokeInterface(java.lang.Object, java.lang.Object, java.lang.Object)'> (0x0000000086f41d88) 
thrown [s\src\hotspot\share\interpreter\linkResolver.cpp, line 771]
Event: 7.195 Thread 0x00000217705e2390 Exception <a 'java/lang/IncompatibleClassChangeError'{0x0000000086f456f8}: Found class java.lang.Object, but interface was expected> (0x0000000086f456f8) 
thrown [s\src\hotspot\share\interpreter\linkResolver.cpp, line 838]

VM Operations (20 events):
Event: 6.685 Executing VM operation: HandshakeAllThreads
Event: 6.685 Executing VM operation: HandshakeAllThreads done
Event: 6.808 Executing VM operation: HandshakeAllThreads
Event: 6.809 Executing VM operation: HandshakeAllThreads done
Event: 6.858 Executing VM operation: HandshakeAllThreads
Event: 6.858 Executing VM operation: HandshakeAllThreads done
Event: 6.868 Executing VM operation: HandshakeAllThreads
Event: 6.868 Executing VM operation: HandshakeAllThreads done
Event: 6.926 Executing VM operation: HandshakeAllThreads
Event: 6.926 Executing VM operation: HandshakeAllThreads done
Event: 6.929 Executing VM operation: ICBufferFull
Event: 6.930 Executing VM operation: ICBufferFull done
Event: 7.070 Executing VM operation: ICBufferFull
Event: 7.070 Executing VM operation: ICBufferFull done
Event: 7.084 Executing VM operation: HandshakeAllThreads
Event: 7.084 Executing VM operation: HandshakeAllThreads done
Event: 7.148 Executing VM operation: ICBufferFull
Event: 7.149 Executing VM operation: ICBufferFull done
Event: 7.201 Executing VM operation: HandshakeAllThreads
Event: 7.201 Executing VM operation: HandshakeAllThreads done

Events (20 events):
Event: 6.694 loading class java/util/stream/Nodes$EmptyNode$OfLong
Event: 6.694 loading class java/util/stream/Node$OfLong
Event: 6.694 loading class java/util/stream/Node$OfLong done
Event: 6.694 loading class java/util/stream/Nodes$EmptyNode$OfLong done
Event: 6.694 loading class java/util/stream/Nodes$EmptyNode$OfDouble
Event: 6.694 loading class java/util/stream/Node$OfDouble
Event: 6.694 loading class java/util/stream/Node$OfDouble done
Event: 6.694 loading class java/util/stream/Nodes$EmptyNode$OfDouble done
Event: 6.694 loading class java/util/stream/Nodes$SpinedNodeBuilder
Event: 6.695 loading class java/util/stream/Node$Builder
Event: 6.695 loading class java/util/stream/Node$Builder done
Event: 6.695 loading class java/util/stream/SpinedBuffer
Event: 6.696 loading class java/util/stream/AbstractSpinedBuffer
Event: 6.696 loading class java/util/stream/AbstractSpinedBuffer done
Event: 6.696 loading class java/util/stream/SpinedBuffer done
Event: 6.696 loading class java/util/stream/Nodes$SpinedNodeBuilder done
Event: 6.704 loading class java/util/function/ToIntFunction
Event: 6.704 loading class java/util/function/ToIntFunction done
Event: 6.752 loading class java/security/CodeSigner
Event: 6.752 loading class java/security/CodeSigner done


Dynamic libraries:
0x00007ff6459f0000 - 0x00007ff6459fa000 	C:\Program Files\Android\Android Studio\jbr\bin\java.exe
0x00007ff8298f0000 - 0x00007ff829ae8000 	C:\Windows\SYSTEM32\ntdll.dll
0x00007ff827bc0000 - 0x00007ff827c81000 	C:\Windows\System32\KERNEL32.DLL
0x00007ff8274f0000 - 0x00007ff8277e6000 	C:\Windows\System32\KERNELBASE.dll
0x00007ff8277f0000 - 0x00007ff8278f0000 	C:\Windows\System32\ucrtbase.dll
0x00007ff817fe0000 - 0x00007ff817ff7000 	C:\Program Files\Android\Android Studio\jbr\bin\jli.dll
0x00007ff8181d0000 - 0x00007ff8181eb000 	C:\Program Files\Android\Android Studio\jbr\bin\VCRUNTIME140.dll
0x00007ff829630000 - 0x00007ff8297cf000 	C:\Windows\System32\USER32.dll
0x00007ff8278f0000 - 0x00007ff827912000 	C:\Windows\System32\win32u.dll
0x00007ff81c860000 - 0x00007ff81cafa000 	C:\Windows\WinSxS\amd64_microsoft.windows.common-controls_6595b64144ccf1df_6.0.19041.4355_none_60b8b9eb71f62e16\COMCTL32.dll
0x00007ff8279e0000 - 0x00007ff827a0b000 	C:\Windows\System32\GDI32.dll
0x00007ff828960000 - 0x00007ff8289fe000 	C:\Windows\System32\msvcrt.dll
0x00007ff8270d0000 - 0x00007ff8271e7000 	C:\Windows\System32\gdi32full.dll
0x00007ff827450000 - 0x00007ff8274ed000 	C:\Windows\System32\msvcp_win.dll
0x00007ff827ea0000 - 0x00007ff827ecf000 	C:\Windows\System32\IMM32.DLL
0x00007ff822040000 - 0x00007ff82204c000 	C:\Program Files\Android\Android Studio\jbr\bin\vcruntime140_1.dll
0x00007ff804160000 - 0x00007ff8041ed000 	C:\Program Files\Android\Android Studio\jbr\bin\msvcp140.dll
0x00007fffda1c0000 - 0x00007fffdae40000 	C:\Program Files\Android\Android Studio\jbr\bin\server\jvm.dll
0x00007ff828710000 - 0x00007ff8287c0000 	C:\Windows\System32\ADVAPI32.dll
0x00007ff8280d0000 - 0x00007ff828170000 	C:\Windows\System32\sechost.dll
0x00007ff827ed0000 - 0x00007ff827ff3000 	C:\Windows\System32\RPCRT4.dll
0x00007ff826ff0000 - 0x00007ff827017000 	C:\Windows\System32\bcrypt.dll
0x00007ff822080000 - 0x00007ff822089000 	C:\Windows\SYSTEM32\WSOCK32.dll
0x00007ff80fb30000 - 0x00007ff80fb57000 	C:\Windows\SYSTEM32\WINMM.dll
0x00007ff8222a0000 - 0x00007ff8222aa000 	C:\Windows\SYSTEM32\VERSION.dll
0x00007ff8297e0000 - 0x00007ff82984b000 	C:\Windows\System32\WS2_32.dll
0x00007ff824e00000 - 0x00007ff824e12000 	C:\Windows\SYSTEM32\kernel.appcore.dll
0x00007ff822030000 - 0x00007ff82203a000 	C:\Program Files\Android\Android Studio\jbr\bin\jimage.dll
0x00007ff8217f0000 - 0x00007ff8219d4000 	C:\Windows\SYSTEM32\DBGHELP.DLL
0x00007ff8217b0000 - 0x00007ff8217e4000 	C:\Windows\SYSTEM32\dbgcore.DLL
0x00007ff827350000 - 0x00007ff8273d2000 	C:\Windows\System32\bcryptPrimitives.dll
0x00007ff80d7a0000 - 0x00007ff80d7c5000 	C:\Program Files\Android\Android Studio\jbr\bin\java.dll
0x00007ff820cb0000 - 0x00007ff820cc8000 	C:\Program Files\Android\Android Studio\jbr\bin\zip.dll
0x00007ff828ab0000 - 0x00007ff82921c000 	C:\Windows\System32\SHELL32.dll
0x00007ff825000000 - 0x00007ff82579e000 	C:\Windows\SYSTEM32\windows.storage.dll
0x00007ff829220000 - 0x00007ff829573000 	C:\Windows\System32\combase.dll
0x00007ff826810000 - 0x00007ff82683e000 	C:\Windows\SYSTEM32\Wldp.dll
0x00007ff828000000 - 0x00007ff8280cd000 	C:\Windows\System32\OLEAUT32.dll
0x00007ff829580000 - 0x00007ff82962d000 	C:\Windows\System32\SHCORE.dll
0x00007ff827980000 - 0x00007ff8279d5000 	C:\Windows\System32\shlwapi.dll
0x00007ff826ed0000 - 0x00007ff826ef4000 	C:\Windows\SYSTEM32\profapi.dll
0x00007ff81f7c0000 - 0x00007ff81f7d9000 	C:\Program Files\Android\Android Studio\jbr\bin\net.dll
0x00007ff821d70000 - 0x00007ff821e7a000 	C:\Windows\SYSTEM32\WINHTTP.dll
0x00007ff8265f0000 - 0x00007ff82665a000 	C:\Windows\system32\mswsock.dll
0x00007ff81dd80000 - 0x00007ff81dd96000 	C:\Program Files\Android\Android Studio\jbr\bin\nio.dll
0x00007ff821fa0000 - 0x00007ff821fb0000 	C:\Program Files\Android\Android Studio\jbr\bin\verify.dll

dbghelp: loaded successfully - version: 4.0.5 - missing functions: none
symbol engine: initialized successfully - sym options: 0x614 - pdb path: .;C:\Program Files\Android\Android Studio\jbr\bin;C:\Windows\SYSTEM32;C:\Windows\WinSxS\amd64_microsoft.windows.common-controls_6595b64144ccf1df_6.0.19041.4355_none_60b8b9eb71f62e16;C:\Program Files\Android\Android Studio\jbr\bin\server

VM Arguments:
java_command: org.jetbrains.kotlin.cli.jvm.K2JVMCompiler @C:\Users\Student\AndroidStudioProjects\MyNotes\app\build\20240722_2828606921058709533.compiler.options
java_class_path (initial): C:\Users\Student\.gradle\caches\modules-2\files-2.1\org.jetbrains.kotlin\kotlin-compiler-embeddable\1.9.0\2c8c3a7402becca891f12739b3e9fd2dc2adbd7a\kotlin-compiler-embeddable-1.9.0.jar;C:\Users\Student\.gradle\caches\modules-2\files-2.1\org.jetbrains.kotlin\kotlin-stdlib\1.9.0\8ee15ef0c67dc83d874f412d84378d7f0eb50b63\kotlin-stdlib-1.9.0.jar;C:\Users\Student\.gradle\caches\modules-2\files-2.1\org.jetbrains.kotlin\kotlin-script-runtime\1.9.0\4b3102cbbb7e1b58d9d1adf89563f00069ffa7d1\kotlin-script-runtime-1.9.0.jar;C:\Users\Student\.gradle\caches\modules-2\files-2.1\org.jetbrains.kotlin\kotlin-reflect\1.6.10\1cbe9c92c12a94eea200d23c2bbaedaf3daf5132\kotlin-reflect-1.6.10.jar;C:\Users\Student\.gradle\caches\modules-2\files-2.1\org.jetbrains.kotlin\kotlin-daemon-embeddable\1.9.0\186543f5e28cf8d9a0290fecc2cf34301c40a65c\kotlin-daemon-embeddable-1.9.0.jar;C:\Users\Student\.gradle\caches\modules-2\files-2.1\org.jetbrains.intellij.deps\trove4j\1.0.20200330\3afb14d5f9ceb459d724e907a21145e8ff394f02\trove4j-1.0.20200330.jar;C:\Users\Student\.gradle\caches\modules-2\files-2.1\org.jetbrains.kotlin\kotlin-stdlib-common\1.9.0\cd65c21cfd1eec4d44ef09f9f52b6d9f8a720636\kotlin-stdlib-common-1.9.0.jar;C:\Users\Student\.gradle\caches\modules-2\files-2.1\org.jetbrains\annotations\13.0\919f0dfe192fb4e063e7dacadee7f8bb9a2672a9\annotations-13.0.jar
Launcher Type: SUN_STANDARD

[Global flags]
     intx CICompilerCount                          = 3                                         {product} {ergonomic}
     uint ConcGCThreads                            = 1                                         {product} {ergonomic}
     uint G1ConcRefinementThreads                  = 4                                         {product} {ergonomic}
   size_t G1HeapRegionSize                         = 1048576                                   {product} {ergonomic}
    uintx GCDrainStackTargetSize                   = 64                                        {product} {ergonomic}
   size_t InitialHeapSize                          = 134217728                                 {product} {ergonomic}
   size_t MarkStackSize                            = 4194304                                   {product} {ergonomic}
   size_t MaxHeapSize                              = 2116026368                                {product} {ergonomic}
   size_t MaxNewSize                               = 1268776960                                {product} {ergonomic}
   size_t MinHeapDeltaBytes                        = 1048576                                   {product} {ergonomic}
   size_t MinHeapSize                              = 8388608                                   {product} {ergonomic}
    uintx NonNMethodCodeHeapSize                   = 5832780                                {pd product} {ergonomic}
    uintx NonProfiledCodeHeapSize                  = 122912730                              {pd product} {ergonomic}
    uintx ProfiledCodeHeapSize                     = 122912730                              {pd product} {ergonomic}
    uintx ReservedCodeCacheSize                    = 251658240                              {pd product} {ergonomic}
     bool SegmentedCodeCache                       = true                                      {product} {ergonomic}
   size_t SoftMaxHeapSize                          = 2116026368                             {manageable} {ergonomic}
     bool UseCompressedClassPointers               = true                           {product lp64_product} {ergonomic}
     bool UseCompressedOops                        = true                           {product lp64_product} {ergonomic}
     bool UseG1GC                                  = true                                      {product} {ergonomic}
     bool UseLargePagesIndividualAllocation        = false                                  {pd product} {ergonomic}

Logging:
Log output configuration:
 #0: stdout all=warning uptime,level,tags
 #1: stderr all=off uptime,level,tags

Environment Variables:
PATH=C:\Python312\Scripts\;C:\Python312\;C:\Program Files\Common Files\Oracle\Java\javapath;C:\Windows\system32;C:\Windows;C:\Windows\System32\Wbem;C:\Windows\System32\WindowsPowerShell\v1.0\;C:\Windows\System32\OpenSSH\;C:\ProgramData\chocolatey\bin;C:\Program Files\Git\cmd;C:\Program Files\Docker\Docker\resources\bin;C:\Program Files\nodejs\;C:\Users\Student\AppData\Local\Microsoft\WindowsApps;;C:\Users\Student\AppData\Local\Programs\Microsoft VS Code\bin;C:\Users\Student\AppData\Roaming\npm
USERNAME=Student
OS=Windows_NT
PROCESSOR_IDENTIFIER=Intel64 Family 6 Model 158 Stepping 9, GenuineIntel
TMP=C:\Users\Student\AppData\Local\Temp
TEMP=C:\Users\Student\AppData\Local\Temp


JNI global refs:
JNI global refs: 11, weak refs: 10

JNI global refs memory usage: 843, weak refs: 841

OOME stack traces (most recent first):
Classloader memory used:
Loader jdk.internal.loader.ClassLoaders$AppClassLoader                                 : 6485K
Loader bootstrap                                                                       : 1353K
Loader java.net.URLClassLoader                                                         : 31544B
Loader jdk.internal.reflect.DelegatingClassLoader                                      : 13620B
Loader jdk.internal.loader.ClassLoaders$PlatformClassLoader                            : 2276B


---------------  S Y S T E M  ---------------

OS:
 Windows 10 , 64 bit Build 19041 (10.0.19041.4597)
OS uptime: 11 days 10:34 hours
Hyper-V role detected

CPU: total 4 (initial active 4) (4 cores per cpu, 1 threads per core) family 6 model 158 stepping 9 microcode 0xb4, cx8, cmov, fxsr, mmx, 3dnowpref, sse, sse2, sse3, ssse3, sse4.1, sse4.2, popcnt, lzcnt, tsc, tscinvbit, avx, avx2, aes, erms, clmul, bmi1, bmi2, rtm, adx, fma, vzeroupper, clflush, clflushopt, hv

Memory: 4k page, system-wide physical 8071M (419M free)
TotalPageFile size 32647M (AvailPageFile size 6M)
current process WorkingSet (physical memory assigned to process): 274M, peak: 274M
current process commit charge ("private bytes"): 305M, peak: 309M

vm_info: OpenJDK 64-Bit Server VM (17.0.7+0-b2043.56-10550314) for windows-amd64 JRE (17.0.7+0-b2043.56-10550314), built on Jul 24 2023 18:27:45 by "androidbuild" with MS VC++ 16.10 / 16.11 (VS2019)

END.
